Traceback (most recent call last):
  File "/home/tiagoburiol/.local/lib/python3.12/site-packages/jupyter_cache/executors/utils.py", line 58, in single_nb_execution
    executenb(
  File "/home/tiagoburiol/anaconda3/lib/python3.12/site-packages/nbclient/client.py", line 1305, in execute
    return NotebookClient(nb=nb, resources=resources, km=km, **kwargs).execute()
           ^^^^^^^^^^^^^^^^^^^^^^^^^^^^^^^^^^^^^^^^^^^^^^^^^^^^^^^^^^^^^^^^^^^^^
  File "/home/tiagoburiol/anaconda3/lib/python3.12/site-packages/jupyter_core/utils/__init__.py", line 165, in wrapped
    return loop.run_until_complete(inner)
           ^^^^^^^^^^^^^^^^^^^^^^^^^^^^^^
  File "/home/tiagoburiol/anaconda3/lib/python3.12/asyncio/base_events.py", line 687, in run_until_complete
    return future.result()
           ^^^^^^^^^^^^^^^
  File "/home/tiagoburiol/anaconda3/lib/python3.12/site-packages/nbclient/client.py", line 705, in async_execute
    await self.async_execute_cell(
  File "/home/tiagoburiol/anaconda3/lib/python3.12/site-packages/nbclient/client.py", line 1058, in async_execute_cell
    await self._check_raise_for_error(cell, cell_index, exec_reply)
  File "/home/tiagoburiol/anaconda3/lib/python3.12/site-packages/nbclient/client.py", line 914, in _check_raise_for_error
    raise CellExecutionError.from_cell_and_msg(cell, exec_reply_content)
nbclient.exceptions.CellExecutionError: An error occurred while executing the following cell:
------------------
x0 = 0.5; xn = 1.5 
n = 2
h = (xn-x0)/n

f = lambda x: np.cos(x)
x = np.linspace(x0, xn, n+1)
y = f(xi)

# Regra 1/3 de Simpson 
Is = (h/3)*(y[0] + 4*y[1] + y[2])
print ("Resultado 1/3 Simpson: ", Is)
------------------


[0;31m---------------------------------------------------------------------------[0m
[0;31mNameError[0m                                 Traceback (most recent call last)
Cell [0;32mIn[2], line 7[0m
[1;32m      5[0m f [38;5;241m=[39m [38;5;28;01mlambda[39;00m x: np[38;5;241m.[39mcos(x)
[1;32m      6[0m x [38;5;241m=[39m np[38;5;241m.[39mlinspace(x0, xn, n[38;5;241m+[39m[38;5;241m1[39m)
[0;32m----> 7[0m y [38;5;241m=[39m f(xi)
[1;32m      9[0m [38;5;66;03m# Regra 1/3 de Simpson [39;00m
[1;32m     10[0m Is [38;5;241m=[39m (h[38;5;241m/[39m[38;5;241m3[39m)[38;5;241m*[39m(y[[38;5;241m0[39m] [38;5;241m+[39m [38;5;241m4[39m[38;5;241m*[39my[[38;5;241m1[39m] [38;5;241m+[39m y[[38;5;241m2[39m])

[0;31mNameError[0m: name 'xi' is not defined

